INFO     Running translator.
INFO     translator stdin: None
INFO     translator time limit: None
INFO     translator memory limit: None
INFO     translator command line string: /usr/bin/python /home/slarty/school/umi/ni-umi-2020-saframa6_sokoban/downward/builds/release/bin/translate/translate.py domain.pddl task.pddl --sas-file plans/lama-first.sas
Parsing...
Parsing: [0.000s CPU, 0.002s wall-clock]
Normalizing task... [0.000s CPU, 0.000s wall-clock]
Instantiating...
Generating Datalog program... [0.000s CPU, 0.001s wall-clock]
Normalizing Datalog program...
Normalizing Datalog program: [0.000s CPU, 0.001s wall-clock]
Preparing model... [0.010s CPU, 0.003s wall-clock]
Generated 13 rules.
Computing model... [0.010s CPU, 0.014s wall-clock]
1604 relevant atoms
1387 auxiliary atoms
2991 final queue length
3870 total queue pushes
Completing instantiation... [0.020s CPU, 0.013s wall-clock]
Instantiating: [0.040s CPU, 0.034s wall-clock]
Computing fact groups...
Finding invariants...
4 initial candidates
Finding invariants: [0.000s CPU, 0.001s wall-clock]
Checking invariant weight... [0.000s CPU, 0.000s wall-clock]
Instantiating groups... [0.000s CPU, 0.000s wall-clock]
Collecting mutex groups... [0.000s CPU, 0.000s wall-clock]
Choosing groups...
61 uncovered facts
Choosing groups: [0.000s CPU, 0.000s wall-clock]
Building translation key... [0.000s CPU, 0.000s wall-clock]
Computing fact groups: [0.000s CPU, 0.002s wall-clock]
Building STRIPS to SAS dictionary... [0.000s CPU, 0.000s wall-clock]
Building dictionary for full mutex groups... [0.000s CPU, 0.000s wall-clock]
Building mutex information...
Building mutex information: [0.000s CPU, 0.000s wall-clock]
Translating task...
Processing axioms...
Simplifying axioms... [0.000s CPU, 0.000s wall-clock]
Processing axioms: [0.000s CPU, 0.001s wall-clock]
Translating task: [0.010s CPU, 0.017s wall-clock]
420 effect conditions simplified
0 implied preconditions added
Detecting unreachable propositions...
0 operators removed
0 axioms removed
1 propositions removed
Detecting unreachable propositions: [0.010s CPU, 0.007s wall-clock]
Reordering and filtering variables...
62 of 62 variables necessary.
0 of 1 mutex groups necessary.
574 of 574 operators necessary.
0 of 0 axiom rules necessary.
Reordering and filtering variables: [0.000s CPU, 0.003s wall-clock]
Translator variables: 62
Translator derived variables: 0
Translator facts: 183
Translator goal facts: 6
Translator mutex groups: 0
Translator total mutex groups size: 0
Translator operators: 574
Translator axioms: 0
Translator task size: 3807
Translator peak memory: 245896 KB
Writing output... [0.000s CPU, 0.002s wall-clock]
Done! [0.070s CPU, 0.068s wall-clock]
translate exit code: 0

INFO     Running search (release).
INFO     search stdin: plans/lama-first.sas
INFO     search time limit: 1800s
INFO     search memory limit: None
INFO     search command line string: /home/slarty/school/umi/ni-umi-2020-saframa6_sokoban/downward/builds/release/bin/downward --evaluator 'hlm=lmcount(lm_factory=lm_rhw(reasonable_orders=true),transform=adapt_costs(one),pref=false)' --evaluator 'hff=ff(transform=adapt_costs(one))' --search 'lazy_greedy([hff,hlm],preferred=[hff,hlm],cost_type=one,reopen_closed=false)' --internal-plan-file sas_plan < plans/lama-first.sas
reading input...
done reading input!
Initializing landmarks count heuristic...
Initializing Exploration...
Generating landmarks using the RPG/SAS+ approach
approx. reasonable orders
approx. obedient reasonable orders
Removed 0 reasonable or obedient reasonable orders
Landmarks generation time: 0.000985605s
Discovered 14 landmarks, of which 2 are disjunctive and 0 are conjunctive.
8 edges
Simplifying 1414 unary operators... done! [1414 unary operators]
time to simplify: 0.000996219s
Initializing additive heuristic...
Initializing FF heuristic...
Building successor generator...done!
peak memory difference for successor generator creation: 0 KB
time for successor generation creation: 0s
Variables: 62
FactPairs: 183
Bytes per state: 12
Conducting lazy best first search, (real) bound = 2147483647
6 initial landmarks, 6 goal landmarks
New best heuristic value for lmcount(lm_factory = lm_rhw(reasonable_orders = true), transform = adapt_costs(one), pref = false): 8
New best heuristic value for ff(transform = adapt_costs(one)): 33
g=0, 1 evaluated, 0 expanded
Initial heuristic value for lmcount(lm_factory = lm_rhw(reasonable_orders = true), transform = adapt_costs(one), pref = false): 8
Initial heuristic value for ff(transform = adapt_costs(one)): 33
New best heuristic value for ff(transform = adapt_costs(one)): 32
g=1, 2 evaluated, 1 expanded
New best heuristic value for lmcount(lm_factory = lm_rhw(reasonable_orders = true), transform = adapt_costs(one), pref = false): 7
g=7, 16 evaluated, 15 expanded
New best heuristic value for ff(transform = adapt_costs(one)): 30
g=9, 17 evaluated, 16 expanded
New best heuristic value for ff(transform = adapt_costs(one)): 27
g=10, 20 evaluated, 19 expanded
New best heuristic value for ff(transform = adapt_costs(one)): 25
g=11, 22 evaluated, 21 expanded
New best heuristic value for ff(transform = adapt_costs(one)): 24
g=12, 23 evaluated, 22 expanded
New best heuristic value for ff(transform = adapt_costs(one)): 22
g=13, 24 evaluated, 23 expanded
New best heuristic value for ff(transform = adapt_costs(one)): 20
g=14, 26 evaluated, 25 expanded
New best heuristic value for ff(transform = adapt_costs(one)): 18
g=15, 27 evaluated, 26 expanded
New best heuristic value for ff(transform = adapt_costs(one)): 16
g=16, 28 evaluated, 27 expanded
New best heuristic value for ff(transform = adapt_costs(one)): 13
g=17, 29 evaluated, 28 expanded
New best heuristic value for ff(transform = adapt_costs(one)): 11
g=18, 31 evaluated, 30 expanded
New best heuristic value for ff(transform = adapt_costs(one)): 10
g=19, 32 evaluated, 31 expanded
New best heuristic value for ff(transform = adapt_costs(one)): 9
g=23, 37 evaluated, 36 expanded
New best heuristic value for lmcount(lm_factory = lm_rhw(reasonable_orders = true), transform = adapt_costs(one), pref = false): 6
New best heuristic value for ff(transform = adapt_costs(one)): 7
g=24, 39 evaluated, 38 expanded
New best heuristic value for lmcount(lm_factory = lm_rhw(reasonable_orders = true), transform = adapt_costs(one), pref = false): 5
New best heuristic value for ff(transform = adapt_costs(one)): 6
g=25, 41 evaluated, 40 expanded
New best heuristic value for lmcount(lm_factory = lm_rhw(reasonable_orders = true), transform = adapt_costs(one), pref = false): 4
g=58, 113072 evaluated, 113071 expanded
New best heuristic value for ff(transform = adapt_costs(one)): 5
g=59, 113074 evaluated, 113073 expanded
New best heuristic value for ff(transform = adapt_costs(one)): 4
g=69, 113306 evaluated, 113305 expanded
New best heuristic value for lmcount(lm_factory = lm_rhw(reasonable_orders = true), transform = adapt_costs(one), pref = false): 3
g=100, 2211791 evaluated, 2211790 expanded
New best heuristic value for ff(transform = adapt_costs(one)): 3
g=102, 2211795 evaluated, 2211794 expanded
New best heuristic value for lmcount(lm_factory = lm_rhw(reasonable_orders = true), transform = adapt_costs(one), pref = false): 2
New best heuristic value for ff(transform = adapt_costs(one)): 2
g=137, 4476299 evaluated, 4476298 expanded
New best heuristic value for lmcount(lm_factory = lm_rhw(reasonable_orders = true), transform = adapt_costs(one), pref = false): 1
New best heuristic value for ff(transform = adapt_costs(one)): 1
g=179, 4816683 evaluated, 4816682 expanded
Solution found!
Actual search time: 73.4558s
walk p8-12 p7-12 (1)
walk p7-12 p7-11 (1)
walk p7-11 p7-10 (1)
walk p7-10 p7-9 (1)
walk p7-9 p6-9 (1)
walk p6-9 p5-9 (1)
walk p5-9 p4-9 (1)
push p4-9 p4-8 p4-9 (1)
push p4-8 p4-9 p5-9 (1)
push p4-9 p5-9 p6-9 (1)
push p5-9 p6-9 p7-9 (1)
push p6-9 p7-9 p7-10 (1)
push p7-9 p7-10 p7-11 (1)
push p7-10 p7-11 p7-12 (1)
push p7-11 p7-12 p7-13 (1)
push p7-12 p7-13 p7-14 (1)
push p7-13 p7-14 p7-15 (1)
push p7-14 p7-15 p7-16 (1)
push p7-15 p7-16 p7-17 (1)
push p7-16 p7-17 p7-18 (1)
walk p7-17 p8-17 (1)
walk p8-17 p8-18 (1)
push p8-18 p7-18 p6-18 (1)
push p7-18 p6-18 p6-19 (1)
push p6-18 p6-19 p6-20 (1)
push p6-19 p6-20 p7-20 (1)
push p6-20 p7-20 p8-20 (1)
push p7-20 p8-20 p8-19 (1)
push p8-20 p8-19 p7-19 (1)
walk p8-19 p8-18 (1)
walk p8-18 p7-18 (1)
walk p7-18 p7-17 (1)
walk p7-17 p7-16 (1)
walk p7-16 p7-15 (1)
walk p7-15 p7-14 (1)
walk p7-14 p7-13 (1)
walk p7-13 p7-12 (1)
walk p7-12 p7-11 (1)
walk p7-11 p7-10 (1)
walk p7-10 p7-9 (1)
walk p7-9 p7-8 (1)
walk p7-8 p7-7 (1)
walk p7-7 p7-6 (1)
push p7-6 p7-5 p7-6 (1)
push p7-5 p7-6 p7-7 (1)
push p7-6 p7-7 p7-8 (1)
push p7-7 p7-8 p7-9 (1)
push p7-8 p7-9 p7-10 (1)
push p7-9 p7-10 p7-11 (1)
push p7-10 p7-11 p7-12 (1)
push p7-11 p7-12 p7-13 (1)
push p7-12 p7-13 p7-14 (1)
push p7-13 p7-14 p7-15 (1)
push p7-14 p7-15 p7-16 (1)
push p7-15 p7-16 p7-17 (1)
push p7-16 p7-17 p7-18 (1)
push p7-17 p7-18 p8-18 (1)
push p7-18 p7-19 p6-19 (1)
push p7-19 p6-19 p7-19 (1)
push p6-19 p7-19 p8-19 (1)
push p7-19 p8-19 p8-20 (1)
push p8-19 p8-18 p7-18 (1)
walk p8-18 p8-19 (1)
push p8-19 p8-20 p7-20 (1)
push p8-20 p7-20 p6-20 (1)
push p7-20 p6-20 p6-19 (1)
push p6-20 p6-19 p7-19 (1)
push p6-19 p7-19 p7-20 (1)
push p7-19 p7-18 p7-19 (1)
walk p7-18 p7-17 (1)
walk p7-17 p7-16 (1)
walk p7-16 p7-15 (1)
walk p7-15 p7-14 (1)
walk p7-14 p7-13 (1)
walk p7-13 p7-12 (1)
walk p7-12 p7-11 (1)
walk p7-11 p7-10 (1)
walk p7-10 p7-9 (1)
walk p7-9 p6-9 (1)
walk p6-9 p5-9 (1)
walk p5-9 p4-9 (1)
walk p4-9 p4-8 (1)
walk p4-8 p4-7 (1)
push p4-7 p3-7 p4-7 (1)
push p3-7 p4-7 p4-8 (1)
push p4-7 p4-8 p4-9 (1)
push p4-8 p4-9 p5-9 (1)
push p4-9 p5-9 p6-9 (1)
push p5-9 p6-9 p7-9 (1)
push p6-9 p7-9 p7-10 (1)
push p7-9 p7-10 p7-11 (1)
push p7-10 p7-11 p7-12 (1)
push p7-11 p7-12 p7-13 (1)
push p7-12 p7-13 p7-14 (1)
push p7-13 p7-14 p7-15 (1)
push p7-14 p7-15 p7-16 (1)
push p7-15 p7-16 p7-17 (1)
push p7-16 p7-17 p7-18 (1)
push p7-17 p7-18 p6-18 (1)
push p7-18 p6-18 p6-19 (1)
walk p6-18 p7-18 (1)
walk p7-18 p7-17 (1)
walk p7-17 p7-16 (1)
walk p7-16 p7-15 (1)
walk p7-15 p7-14 (1)
walk p7-14 p7-13 (1)
walk p7-13 p7-12 (1)
walk p7-12 p7-11 (1)
walk p7-11 p7-10 (1)
walk p7-10 p7-9 (1)
walk p7-9 p7-8 (1)
walk p7-8 p7-7 (1)
walk p7-7 p7-6 (1)
walk p7-6 p7-5 (1)
walk p7-5 p6-5 (1)
walk p6-5 p5-5 (1)
push p5-5 p4-5 p5-5 (1)
push p4-5 p5-5 p6-5 (1)
push p5-5 p6-5 p7-5 (1)
push p6-5 p7-5 p7-6 (1)
push p7-5 p7-6 p7-7 (1)
push p7-6 p7-7 p7-8 (1)
push p7-7 p7-8 p7-9 (1)
push p7-8 p7-9 p7-10 (1)
push p7-9 p7-10 p7-11 (1)
push p7-10 p7-11 p7-12 (1)
push p7-11 p7-12 p7-13 (1)
push p7-12 p7-13 p7-14 (1)
push p7-13 p7-14 p7-15 (1)
push p7-14 p7-15 p7-16 (1)
push p7-15 p7-16 p7-17 (1)
push p7-16 p7-17 p7-18 (1)
walk p7-17 p6-17 (1)
walk p6-17 p6-18 (1)
push p6-18 p6-19 p6-20 (1)
push p6-19 p7-19 p6-19 (1)
push p7-19 p7-18 p7-19 (1)
walk p7-18 p7-17 (1)
walk p7-17 p7-16 (1)
walk p7-16 p7-15 (1)
walk p7-15 p7-14 (1)
walk p7-14 p7-13 (1)
walk p7-13 p7-12 (1)
walk p7-12 p7-11 (1)
walk p7-11 p7-10 (1)
walk p7-10 p7-9 (1)
walk p7-9 p7-8 (1)
walk p7-8 p7-7 (1)
walk p7-7 p7-6 (1)
walk p7-6 p7-5 (1)
walk p7-5 p7-4 (1)
walk p7-4 p7-3 (1)
push p7-3 p7-2 p7-3 (1)
push p7-2 p7-3 p7-4 (1)
push p7-3 p7-4 p7-5 (1)
push p7-4 p7-5 p7-6 (1)
push p7-5 p7-6 p7-7 (1)
push p7-6 p7-7 p7-8 (1)
push p7-7 p7-8 p7-9 (1)
push p7-8 p7-9 p7-10 (1)
push p7-9 p7-10 p7-11 (1)
push p7-10 p7-11 p7-12 (1)
push p7-11 p7-12 p7-13 (1)
push p7-12 p7-13 p7-14 (1)
push p7-13 p7-14 p7-15 (1)
push p7-14 p7-15 p7-16 (1)
push p7-15 p7-16 p7-17 (1)
push p7-16 p7-17 p7-18 (1)
push p7-17 p7-18 p7-17 (1)
push p7-18 p7-17 p8-17 (1)
walk p7-17 p7-18 (1)
push p7-18 p7-19 p8-19 (1)
walk p7-19 p7-18 (1)
walk p7-18 p8-18 (1)
push p8-18 p8-17 p8-18 (1)
push p8-17 p8-18 p7-18 (1)
push p8-18 p8-19 p8-20 (1)
walk p8-19 p8-18 (1)
push p8-18 p7-18 p7-19 (1)
walk p7-18 p7-17 (1)
walk p7-17 p7-16 (1)
walk p7-16 p7-15 (1)
walk p7-15 p7-14 (1)
walk p7-14 p7-13 (1)
walk p7-13 p7-12 (1)
walk p7-12 p7-11 (1)
walk p7-11 p7-10 (1)
walk p7-10 p7-9 (1)
walk p7-9 p7-8 (1)
walk p7-8 p7-7 (1)
walk p7-7 p7-6 (1)
walk p7-6 p7-5 (1)
walk p7-5 p6-5 (1)
walk p6-5 p5-5 (1)
walk p5-5 p4-5 (1)
walk p4-5 p3-5 (1)
push p3-5 p2-5 p3-5 (1)
push p2-5 p3-5 p3-6 (1)
push p3-5 p3-6 p3-7 (1)
push p3-6 p3-7 p4-7 (1)
push p3-7 p4-7 p4-8 (1)
push p4-7 p4-8 p4-9 (1)
push p4-8 p4-9 p5-9 (1)
push p4-9 p5-9 p6-9 (1)
push p5-9 p6-9 p7-9 (1)
push p6-9 p7-9 p7-10 (1)
push p7-9 p7-10 p7-11 (1)
push p7-10 p7-11 p7-12 (1)
push p7-11 p7-12 p7-13 (1)
push p7-12 p7-13 p7-14 (1)
push p7-13 p7-14 p7-15 (1)
push p7-14 p7-15 p7-16 (1)
push p7-15 p7-16 p7-17 (1)
push p7-16 p7-17 p7-18 (1)
push p7-17 p7-18 p7-17 (1)
push p7-18 p7-17 p6-17 (1)
walk p7-17 p7-18 (1)
push p7-18 p7-19 p8-19 (1)
walk p7-19 p7-18 (1)
walk p7-18 p6-18 (1)
push p6-18 p6-17 p6-18 (1)
push p6-17 p6-18 p7-18 (1)
push p6-18 p7-18 p7-19 (1)
Plan length: 223 step(s).
Plan cost: 223
Expanded 4837208 state(s).
Reopened 0 state(s).
Evaluated 4837209 state(s).
Evaluations: 9674418
Generated 17934954 state(s).
Dead ends: 0 state(s).
Number of registered states: 4837209
Int hash set load factor: 4837209/8388608 = 0.57664
Int hash set resizes: 23
Search time: 73.4568s
Total time: 73.4618s
Solution found.
Peak memory: 539620 KB
search exit code: 0

