INFO     Running translator.
INFO     translator stdin: None
INFO     translator time limit: None
INFO     translator memory limit: None
INFO     translator command line string: /usr/bin/python /home/slarty/school/umi/ni-umi-2020-saframa6_sokoban/downward/builds/release/bin/translate/translate.py domain.pddl task.pddl --sas-file plans/seq-opt-lmcut.sas
Parsing...
Parsing: [0.000s CPU, 0.002s wall-clock]
Normalizing task... [0.000s CPU, 0.000s wall-clock]
Instantiating...
Generating Datalog program... [0.000s CPU, 0.001s wall-clock]
Normalizing Datalog program...
Normalizing Datalog program: [0.000s CPU, 0.001s wall-clock]
Preparing model... [0.000s CPU, 0.003s wall-clock]
Generated 13 rules.
Computing model... [0.020s CPU, 0.014s wall-clock]
1604 relevant atoms
1387 auxiliary atoms
2991 final queue length
3870 total queue pushes
Completing instantiation... [0.010s CPU, 0.013s wall-clock]
Instantiating: [0.030s CPU, 0.033s wall-clock]
Computing fact groups...
Finding invariants...
4 initial candidates
Finding invariants: [0.000s CPU, 0.001s wall-clock]
Checking invariant weight... [0.000s CPU, 0.000s wall-clock]
Instantiating groups... [0.000s CPU, 0.000s wall-clock]
Collecting mutex groups... [0.000s CPU, 0.000s wall-clock]
Choosing groups...
61 uncovered facts
Choosing groups: [0.000s CPU, 0.000s wall-clock]
Building translation key... [0.000s CPU, 0.000s wall-clock]
Computing fact groups: [0.000s CPU, 0.002s wall-clock]
Building STRIPS to SAS dictionary... [0.000s CPU, 0.000s wall-clock]
Building dictionary for full mutex groups... [0.000s CPU, 0.000s wall-clock]
Building mutex information...
Building mutex information: [0.000s CPU, 0.000s wall-clock]
Translating task...
Processing axioms...
Simplifying axioms... [0.000s CPU, 0.000s wall-clock]
Processing axioms: [0.000s CPU, 0.001s wall-clock]
Translating task: [0.020s CPU, 0.017s wall-clock]
420 effect conditions simplified
0 implied preconditions added
Detecting unreachable propositions...
0 operators removed
0 axioms removed
1 propositions removed
Detecting unreachable propositions: [0.010s CPU, 0.007s wall-clock]
Reordering and filtering variables...
62 of 62 variables necessary.
0 of 1 mutex groups necessary.
574 of 574 operators necessary.
0 of 0 axiom rules necessary.
Reordering and filtering variables: [0.000s CPU, 0.003s wall-clock]
Translator variables: 62
Translator derived variables: 0
Translator facts: 183
Translator goal facts: 6
Translator mutex groups: 0
Translator total mutex groups size: 0
Translator operators: 574
Translator axioms: 0
Translator task size: 3807
Translator peak memory: 245900 KB
Writing output... [0.000s CPU, 0.002s wall-clock]
Done! [0.060s CPU, 0.068s wall-clock]
translate exit code: 0

INFO     Running search (release).
INFO     search stdin: plans/seq-opt-lmcut.sas
INFO     search time limit: 1800s
INFO     search memory limit: None
INFO     search command line string: /home/slarty/school/umi/ni-umi-2020-saframa6_sokoban/downward/builds/release/bin/downward --search 'astar(lmcut())' --internal-plan-file sas_plan < plans/seq-opt-lmcut.sas
reading input...
done reading input!
Initializing landmark cut heuristic...
Building successor generator...done!
peak memory difference for successor generator creation: 132 KB
time for successor generation creation: 0s
Variables: 62
FactPairs: 183
Bytes per state: 12
Conducting best first search with reopening closed nodes, (real) bound = 2147483647
New best heuristic value for lmcut: 25
g=0, 1 evaluated, 0 expanded
f = 25, 1 evaluated, 0 expanded
Initial heuristic value for lmcut: 25
pruning method: none
New best heuristic value for lmcut: 24
g=1, 2 evaluated, 1 expanded
New best heuristic value for lmcut: 23
g=2, 4 evaluated, 2 expanded
New best heuristic value for lmcut: 22
g=3, 5 evaluated, 3 expanded
New best heuristic value for lmcut: 21
g=4, 7 evaluated, 4 expanded
New best heuristic value for lmcut: 20
g=5, 8 evaluated, 5 expanded
New best heuristic value for lmcut: 19
g=6, 10 evaluated, 6 expanded
New best heuristic value for lmcut: 18
g=7, 11 evaluated, 7 expanded
New best heuristic value for lmcut: 16
g=8, 12 evaluated, 8 expanded
New best heuristic value for lmcut: 15
g=9, 16 evaluated, 9 expanded
New best heuristic value for lmcut: 14
g=10, 20 evaluated, 10 expanded
New best heuristic value for lmcut: 13
g=11, 24 evaluated, 11 expanded
New best heuristic value for lmcut: 12
g=12, 29 evaluated, 12 expanded
New best heuristic value for lmcut: 11
g=13, 33 evaluated, 13 expanded
New best heuristic value for lmcut: 10
g=14, 36 evaluated, 14 expanded
New best heuristic value for lmcut: 9
g=15, 40 evaluated, 15 expanded
New best heuristic value for lmcut: 8
g=16, 44 evaluated, 16 expanded
New best heuristic value for lmcut: 7
g=17, 47 evaluated, 17 expanded
New best heuristic value for lmcut: 6
g=18, 51 evaluated, 18 expanded
New best heuristic value for lmcut: 5
g=19, 55 evaluated, 19 expanded
New best heuristic value for lmcut: 4
g=20, 60 evaluated, 20 expanded
New best heuristic value for lmcut: 3
g=21, 67 evaluated, 21 expanded
f = 26, 219 evaluated, 61 expanded
f = 27, 353 evaluated, 155 expanded
f = 28, 443 evaluated, 237 expanded
f = 29, 855 evaluated, 404 expanded
f = 30, 1147 evaluated, 568 expanded
f = 31, 6005 evaluated, 1968 expanded
f = 32, 8992 evaluated, 2958 expanded
f = 33, 32280 evaluated, 11118 expanded
f = 34, 48206 evaluated, 17399 expanded
f = 35, 188938 evaluated, 65171 expanded
f = 36, 277447 evaluated, 99559 expanded
f = 37, 646323 evaluated, 262987 expanded
f = 38, 889294 evaluated, 391602 expanded
f = 39, 1745402 evaluated, 798629 expanded
f = 40, 2315716 evaluated, 1136735 expanded
f = 41, 4779535 evaluated, 2219214 expanded
f = 42, 6354532 evaluated, 3078834 expanded
f = 43, 11372299 evaluated, 5673560 expanded
f = 44, 14607735 evaluated, 7736256 expanded
Peak memory: 1008956 KB
caught signal 24 -- exiting
Time limit has been reached.
search exit code: 23

Driver aborting after search
