INFO     Running translator.
INFO     translator stdin: None
INFO     translator time limit: None
INFO     translator memory limit: None
INFO     translator command line string: /usr/bin/python /home/slarty/school/umi/ni-umi-2020-saframa6_sokoban/downward/builds/release/bin/translate/translate.py domain.pddl task.pddl --sas-file plans/seq-opt-merge-and-shrink.sas
Parsing...
Parsing: [0.000s CPU, 0.002s wall-clock]
Normalizing task... [0.000s CPU, 0.000s wall-clock]
Instantiating...
Generating Datalog program... [0.000s CPU, 0.002s wall-clock]
Normalizing Datalog program...
Normalizing Datalog program: [0.000s CPU, 0.001s wall-clock]
Preparing model... [0.010s CPU, 0.004s wall-clock]
Generated 13 rules.
Computing model... [0.010s CPU, 0.015s wall-clock]
1604 relevant atoms
1387 auxiliary atoms
2991 final queue length
3870 total queue pushes
Completing instantiation... [0.020s CPU, 0.013s wall-clock]
Instantiating: [0.040s CPU, 0.036s wall-clock]
Computing fact groups...
Finding invariants...
4 initial candidates
Finding invariants: [0.000s CPU, 0.001s wall-clock]
Checking invariant weight... [0.000s CPU, 0.000s wall-clock]
Instantiating groups... [0.000s CPU, 0.000s wall-clock]
Collecting mutex groups... [0.000s CPU, 0.000s wall-clock]
Choosing groups...
61 uncovered facts
Choosing groups: [0.000s CPU, 0.000s wall-clock]
Building translation key... [0.000s CPU, 0.000s wall-clock]
Computing fact groups: [0.000s CPU, 0.002s wall-clock]
Building STRIPS to SAS dictionary... [0.000s CPU, 0.000s wall-clock]
Building dictionary for full mutex groups... [0.000s CPU, 0.000s wall-clock]
Building mutex information...
Building mutex information: [0.000s CPU, 0.000s wall-clock]
Translating task...
Processing axioms...
Simplifying axioms... [0.000s CPU, 0.000s wall-clock]
Processing axioms: [0.000s CPU, 0.001s wall-clock]
Translating task: [0.020s CPU, 0.020s wall-clock]
420 effect conditions simplified
0 implied preconditions added
Detecting unreachable propositions...
0 operators removed
0 axioms removed
1 propositions removed
Detecting unreachable propositions: [0.000s CPU, 0.007s wall-clock]
Reordering and filtering variables...
62 of 62 variables necessary.
0 of 1 mutex groups necessary.
574 of 574 operators necessary.
0 of 0 axiom rules necessary.
Reordering and filtering variables: [0.010s CPU, 0.003s wall-clock]
Translator variables: 62
Translator derived variables: 0
Translator facts: 183
Translator goal facts: 6
Translator mutex groups: 0
Translator total mutex groups size: 0
Translator operators: 574
Translator axioms: 0
Translator task size: 3807
Translator peak memory: 245900 KB
Writing output... [0.000s CPU, 0.002s wall-clock]
Done! [0.070s CPU, 0.074s wall-clock]
translate exit code: 0

INFO     Running search (release).
INFO     search portfolio: /home/slarty/school/umi/ni-umi-2020-saframa6_sokoban/downward/driver/portfolios/seq_opt_merge_and_shrink.py
Exit codes: <generator object run_opt at 0x7f43460fcc10>
remaining time: 1800.0
config 0: relative time 800, remaining 1800
args: ['/home/slarty/school/umi/ni-umi-2020-saframa6_sokoban/downward/builds/release/bin/downward', '--search', 'astar(merge_and_shrink(merge_strategy=merge_precomputed(merge_tree=linear(variable_order=reverse_level)),shrink_strategy=shrink_bisimulation(greedy=true),label_reduction=exact(before_shrinking=true,before_merging=false),max_states=infinity,threshold_before_merge=1))', '--internal-plan-file', 'sas_plan']
INFO     search stdin: plans/seq-opt-merge-and-shrink.sas
INFO     search time limit: 800.0s
INFO     search memory limit: None
INFO     search command line string: /home/slarty/school/umi/ni-umi-2020-saframa6_sokoban/downward/builds/release/bin/downward --search 'astar(merge_and_shrink(merge_strategy=merge_precomputed(merge_tree=linear(variable_order=reverse_level)),shrink_strategy=shrink_bisimulation(greedy=true),label_reduction=exact(before_shrinking=true,before_merging=false),max_states=infinity,threshold_before_merge=1))' --internal-plan-file sas_plan < plans/seq-opt-merge-and-shrink.sas
reading input...
done reading input!
Initializing merge-and-shrink heuristic...
Running merge-and-shrink algorithm...
Merge strategy options:
Type: precomputed
Merge tree options: 
Type: linear
Update option: use random
Variable order type: by reverse level

Options related to size limits and shrinking: 
Transition system size limit: 2147483647
Transition system size limit right before merge: 2147483647
Threshold to trigger shrinking right before merge: 1

Pruning unreachable states: yes
Pruning irrelevant states: yes

Label reduction options:
Before merging: disabled
Before shrinking: enabled
Method: all transition systems with fixpoint computation
System order: random

Main loop max time in seconds: inf


Building atomic transition systems... 
M&S algorithm timer: 0.00297346s (after computation of atomic factors)

Starting main loop without a time limit.
building causal graph...done! [t=0s]
Next pair of indices: (0, 1)
M&S algorithm main loop timer: 0s (after computation of next merge)
M&S algorithm main loop timer: 0.0498357s (after label reduction)
M&S algorithm main loop timer: 0.0498357s (after shrinking)
M&S algorithm main loop timer: 0.0498357s (after merging)

Next pair of indices: (62, 2)
M&S algorithm main loop timer: 0.0498357s (after computation of next merge)
M&S algorithm main loop timer: 0.106685s (after label reduction)
M&S algorithm main loop timer: 0.106685s (after shrinking)
M&S algorithm main loop timer: 0.106685s (after merging)

Next pair of indices: (63, 3)
M&S algorithm main loop timer: 0.106685s (after computation of next merge)
M&S algorithm main loop timer: 0.14855s (after label reduction)
M&S algorithm main loop timer: 0.14855s (after shrinking)
M&S algorithm main loop timer: 0.14855s (after merging)

Next pair of indices: (64, 4)
M&S algorithm main loop timer: 0.14855s (after computation of next merge)
M&S algorithm main loop timer: 0.197417s (after label reduction)
M&S algorithm main loop timer: 0.197417s (after shrinking)
M&S algorithm main loop timer: 0.197417s (after merging)

Next pair of indices: (65, 5)
M&S algorithm main loop timer: 0.198421s (after computation of next merge)
M&S algorithm main loop timer: 0.236313s (after label reduction)
M&S algorithm main loop timer: 0.236313s (after shrinking)
M&S algorithm main loop timer: 0.236313s (after merging)

Next pair of indices: (66, 6)
M&S algorithm main loop timer: 0.236313s (after computation of next merge)
M&S algorithm main loop timer: 0.287182s (after label reduction)
M&S algorithm main loop timer: 0.287182s (after shrinking)
M&S algorithm main loop timer: 0.287182s (after merging)

Next pair of indices: (67, 7)
M&S algorithm main loop timer: 0.287182s (after computation of next merge)
M&S algorithm main loop timer: 0.342049s (after label reduction)
M&S algorithm main loop timer: 0.342049s (after shrinking)
M&S algorithm main loop timer: 0.342049s (after merging)

Next pair of indices: (68, 8)
M&S algorithm main loop timer: 0.342049s (after computation of next merge)
M&S algorithm main loop timer: 0.37595s (after label reduction)
M&S algorithm main loop timer: 0.37595s (after shrinking)
M&S algorithm main loop timer: 0.37595s (after merging)

Next pair of indices: (69, 9)
M&S algorithm main loop timer: 0.37595s (after computation of next merge)
M&S algorithm main loop timer: 0.415844s (after label reduction)
M&S algorithm main loop timer: 0.415844s (after shrinking)
M&S algorithm main loop timer: 0.415844s (after merging)

Next pair of indices: (70, 10)
M&S algorithm main loop timer: 0.415844s (after computation of next merge)
M&S algorithm main loop timer: 0.456733s (after label reduction)
M&S algorithm main loop timer: 0.456733s (after shrinking)
M&S algorithm main loop timer: 0.456733s (after merging)

Next pair of indices: (71, 11)
M&S algorithm main loop timer: 0.456733s (after computation of next merge)
M&S algorithm main loop timer: 0.496608s (after label reduction)
M&S algorithm main loop timer: 0.496608s (after shrinking)
M&S algorithm main loop timer: 0.496608s (after merging)

Next pair of indices: (72, 12)
M&S algorithm main loop timer: 0.496608s (after computation of next merge)
M&S algorithm main loop timer: 0.531507s (after label reduction)
M&S algorithm main loop timer: 0.531507s (after shrinking)
M&S algorithm main loop timer: 0.531507s (after merging)

Next pair of indices: (73, 13)
M&S algorithm main loop timer: 0.531507s (after computation of next merge)
M&S algorithm main loop timer: 0.558432s (after label reduction)
M&S algorithm main loop timer: 0.558432s (after shrinking)
M&S algorithm main loop timer: 0.558432s (after merging)

Next pair of indices: (74, 14)
M&S algorithm main loop timer: 0.558432s (after computation of next merge)
M&S algorithm main loop timer: 0.582376s (after label reduction)
M&S algorithm main loop timer: 0.582376s (after shrinking)
M&S algorithm main loop timer: 0.582376s (after merging)

Next pair of indices: (75, 15)
M&S algorithm main loop timer: 0.582376s (after computation of next merge)
M&S algorithm main loop timer: 0.608286s (after label reduction)
M&S algorithm main loop timer: 0.608286s (after shrinking)
M&S algorithm main loop timer: 0.608286s (after merging)

Next pair of indices: (76, 16)
M&S algorithm main loop timer: 0.608286s (after computation of next merge)
M&S algorithm main loop timer: 0.62922s (after label reduction)
M&S algorithm main loop timer: 0.62922s (after shrinking)
M&S algorithm main loop timer: 0.62922s (after merging)

Next pair of indices: (77, 17)
M&S algorithm main loop timer: 0.62922s (after computation of next merge)
M&S algorithm main loop timer: 0.658123s (after label reduction)
M&S algorithm main loop timer: 0.658123s (after shrinking)
M&S algorithm main loop timer: 0.658123s (after merging)

Next pair of indices: (78, 18)
M&S algorithm main loop timer: 0.658123s (after computation of next merge)
M&S algorithm main loop timer: 0.686046s (after label reduction)
M&S algorithm main loop timer: 0.686046s (after shrinking)
M&S algorithm main loop timer: 0.686046s (after merging)

Next pair of indices: (79, 19)
M&S algorithm main loop timer: 0.686046s (after computation of next merge)
M&S algorithm main loop timer: 0.705996s (after label reduction)
M&S algorithm main loop timer: 0.705996s (after shrinking)
M&S algorithm main loop timer: 0.705996s (after merging)

Next pair of indices: (80, 20)
M&S algorithm main loop timer: 0.705996s (after computation of next merge)
M&S algorithm main loop timer: 0.722951s (after label reduction)
M&S algorithm main loop timer: 0.722951s (after shrinking)
M&S algorithm main loop timer: 0.723957s (after merging)

Next pair of indices: (81, 21)
M&S algorithm main loop timer: 0.723957s (after computation of next merge)
M&S algorithm main loop timer: 0.740882s (after label reduction)
M&S algorithm main loop timer: 0.740882s (after shrinking)
M&S algorithm main loop timer: 0.740882s (after merging)

Next pair of indices: (82, 22)
M&S algorithm main loop timer: 0.740882s (after computation of next merge)
M&S algorithm main loop timer: 0.761756s (after label reduction)
M&S algorithm main loop timer: 0.761756s (after shrinking)
M&S algorithm main loop timer: 0.761756s (after merging)

Next pair of indices: (83, 23)
M&S algorithm main loop timer: 0.761756s (after computation of next merge)
M&S algorithm main loop timer: 0.776717s (after label reduction)
M&S algorithm main loop timer: 0.776717s (after shrinking)
M&S algorithm main loop timer: 0.776717s (after merging)

Next pair of indices: (84, 24)
M&S algorithm main loop timer: 0.776717s (after computation of next merge)
M&S algorithm main loop timer: 0.79266s (after label reduction)
M&S algorithm main loop timer: 0.79266s (after shrinking)
M&S algorithm main loop timer: 0.79266s (after merging)

Next pair of indices: (85, 25)
M&S algorithm main loop timer: 0.79266s (after computation of next merge)
M&S algorithm main loop timer: 0.804618s (after label reduction)
M&S algorithm main loop timer: 0.804618s (after shrinking)
M&S algorithm main loop timer: 0.804618s (after merging)

Next pair of indices: (86, 26)
M&S algorithm main loop timer: 0.804618s (after computation of next merge)
M&S algorithm main loop timer: 0.818565s (after label reduction)
M&S algorithm main loop timer: 0.818565s (after shrinking)
M&S algorithm main loop timer: 0.818565s (after merging)

Next pair of indices: (87, 27)
M&S algorithm main loop timer: 0.818565s (after computation of next merge)
M&S algorithm main loop timer: 0.830516s (after label reduction)
M&S algorithm main loop timer: 0.830516s (after shrinking)
M&S algorithm main loop timer: 0.830516s (after merging)

Next pair of indices: (88, 28)
M&S algorithm main loop timer: 0.830516s (after computation of next merge)
M&S algorithm main loop timer: 0.839493s (after label reduction)
M&S algorithm main loop timer: 0.839493s (after shrinking)
M&S algorithm main loop timer: 0.839493s (after merging)

Next pair of indices: (89, 29)
M&S algorithm main loop timer: 0.839493s (after computation of next merge)
M&S algorithm main loop timer: 0.849447s (after label reduction)
M&S algorithm main loop timer: 0.849447s (after shrinking)
M&S algorithm main loop timer: 0.849447s (after merging)

Next pair of indices: (90, 30)
M&S algorithm main loop timer: 0.849447s (after computation of next merge)
M&S algorithm main loop timer: 0.861409s (after label reduction)
M&S algorithm main loop timer: 0.861409s (after shrinking)
M&S algorithm main loop timer: 0.861409s (after merging)

Next pair of indices: (91, 31)
M&S algorithm main loop timer: 0.861409s (after computation of next merge)
M&S algorithm main loop timer: 0.869391s (after label reduction)
M&S algorithm main loop timer: 0.869391s (after shrinking)
M&S algorithm main loop timer: 0.869391s (after merging)

Next pair of indices: (92, 32)
M&S algorithm main loop timer: 0.869391s (after computation of next merge)
M&S algorithm main loop timer: 0.879366s (after label reduction)
M&S algorithm main loop timer: 0.879366s (after shrinking)
M&S algorithm main loop timer: 0.879366s (after merging)

Next pair of indices: (93, 33)
M&S algorithm main loop timer: 0.879366s (after computation of next merge)
M&S algorithm main loop timer: 0.887328s (after label reduction)
M&S algorithm main loop timer: 0.887328s (after shrinking)
M&S algorithm main loop timer: 0.887328s (after merging)

Next pair of indices: (94, 34)
M&S algorithm main loop timer: 0.887328s (after computation of next merge)
M&S algorithm main loop timer: 0.894313s (after label reduction)
M&S algorithm main loop timer: 0.895303s (after shrinking)
M&S algorithm main loop timer: 0.895303s (after merging)

Next pair of indices: (95, 35)
M&S algorithm main loop timer: 0.895303s (after computation of next merge)
M&S algorithm main loop timer: 0.901286s (after label reduction)
M&S algorithm main loop timer: 0.901286s (after shrinking)
M&S algorithm main loop timer: 0.901286s (after merging)

Next pair of indices: (96, 36)
M&S algorithm main loop timer: 0.901286s (after computation of next merge)
M&S algorithm main loop timer: 0.908268s (after label reduction)
M&S algorithm main loop timer: 0.908268s (after shrinking)
M&S algorithm main loop timer: 0.908268s (after merging)

Next pair of indices: (97, 37)
M&S algorithm main loop timer: 0.908268s (after computation of next merge)
M&S algorithm main loop timer: 0.914244s (after label reduction)
M&S algorithm main loop timer: 0.914244s (after shrinking)
M&S algorithm main loop timer: 0.914244s (after merging)

Next pair of indices: (98, 38)
M&S algorithm main loop timer: 0.914244s (after computation of next merge)
M&S algorithm main loop timer: 0.91821s (after label reduction)
M&S algorithm main loop timer: 0.91821s (after shrinking)
M&S algorithm main loop timer: 0.91821s (after merging)

Next pair of indices: (99, 39)
M&S algorithm main loop timer: 0.91821s (after computation of next merge)
M&S algorithm main loop timer: 0.922204s (after label reduction)
M&S algorithm main loop timer: 0.922204s (after shrinking)
M&S algorithm main loop timer: 0.922204s (after merging)

Next pair of indices: (100, 40)
M&S algorithm main loop timer: 0.922204s (after computation of next merge)
M&S algorithm main loop timer: 0.925197s (after label reduction)
M&S algorithm main loop timer: 0.925197s (after shrinking)
M&S algorithm main loop timer: 0.925197s (after merging)

Next pair of indices: (101, 41)
M&S algorithm main loop timer: 0.925197s (after computation of next merge)
M&S algorithm main loop timer: 0.928186s (after label reduction)
M&S algorithm main loop timer: 0.928186s (after shrinking)
M&S algorithm main loop timer: 0.928186s (after merging)

Next pair of indices: (102, 42)
M&S algorithm main loop timer: 0.928186s (after computation of next merge)
M&S algorithm main loop timer: 0.931167s (after label reduction)
M&S algorithm main loop timer: 0.931167s (after shrinking)
M&S algorithm main loop timer: 0.931167s (after merging)

Next pair of indices: (103, 43)
M&S algorithm main loop timer: 0.931167s (after computation of next merge)
M&S algorithm main loop timer: 0.934163s (after label reduction)
M&S algorithm main loop timer: 0.934163s (after shrinking)
M&S algorithm main loop timer: 0.934163s (after merging)

Next pair of indices: (104, 44)
M&S algorithm main loop timer: 0.934163s (after computation of next merge)
M&S algorithm main loop timer: 0.936149s (after label reduction)
M&S algorithm main loop timer: 0.936149s (after shrinking)
M&S algorithm main loop timer: 0.936149s (after merging)

Next pair of indices: (105, 45)
M&S algorithm main loop timer: 0.936149s (after computation of next merge)
M&S algorithm main loop timer: 0.938159s (after label reduction)
M&S algorithm main loop timer: 0.938159s (after shrinking)
M&S algorithm main loop timer: 0.938159s (after merging)

Next pair of indices: (106, 46)
M&S algorithm main loop timer: 0.938159s (after computation of next merge)
M&S algorithm main loop timer: 0.939137s (after label reduction)
M&S algorithm main loop timer: 0.939137s (after shrinking)
M&S algorithm main loop timer: 0.939137s (after merging)

Next pair of indices: (107, 47)
M&S algorithm main loop timer: 0.939137s (after computation of next merge)
M&S algorithm main loop timer: 0.941138s (after label reduction)
M&S algorithm main loop timer: 0.941138s (after shrinking)
M&S algorithm main loop timer: 0.941138s (after merging)

Next pair of indices: (108, 48)
M&S algorithm main loop timer: 0.941138s (after computation of next merge)
M&S algorithm main loop timer: 0.942138s (after label reduction)
M&S algorithm main loop timer: 0.942138s (after shrinking)
M&S algorithm main loop timer: 0.942138s (after merging)

Next pair of indices: (109, 49)
M&S algorithm main loop timer: 0.942138s (after computation of next merge)
M&S algorithm main loop timer: 0.943139s (after label reduction)
M&S algorithm main loop timer: 0.943139s (after shrinking)
M&S algorithm main loop timer: 0.943139s (after merging)

Next pair of indices: (110, 50)
M&S algorithm main loop timer: 0.943139s (after computation of next merge)
M&S algorithm main loop timer: 0.944127s (after label reduction)
M&S algorithm main loop timer: 0.944127s (after shrinking)
M&S algorithm main loop timer: 0.944127s (after merging)

Next pair of indices: (111, 51)
M&S algorithm main loop timer: 0.944127s (after computation of next merge)
M&S algorithm main loop timer: 0.945131s (after label reduction)
M&S algorithm main loop timer: 0.945131s (after shrinking)
M&S algorithm main loop timer: 0.945131s (after merging)

Next pair of indices: (112, 52)
M&S algorithm main loop timer: 0.945131s (after computation of next merge)
M&S algorithm main loop timer: 0.945131s (after label reduction)
M&S algorithm main loop timer: 0.945131s (after shrinking)
M&S algorithm main loop timer: 0.945131s (after merging)

Next pair of indices: (113, 53)
M&S algorithm main loop timer: 0.945131s (after computation of next merge)
M&S algorithm main loop timer: 0.946113s (after label reduction)
M&S algorithm main loop timer: 0.946113s (after shrinking)
M&S algorithm main loop timer: 0.946113s (after merging)

Next pair of indices: (114, 54)
M&S algorithm main loop timer: 0.946113s (after computation of next merge)
M&S algorithm main loop timer: 0.946113s (after label reduction)
M&S algorithm main loop timer: 0.946113s (after shrinking)
M&S algorithm main loop timer: 0.946113s (after merging)

Next pair of indices: (115, 55)
M&S algorithm main loop timer: 0.946113s (after computation of next merge)
M&S algorithm main loop timer: 0.946113s (after label reduction)
M&S algorithm main loop timer: 0.946113s (after shrinking)
M&S algorithm main loop timer: 0.946113s (after merging)

Next pair of indices: (116, 56)
M&S algorithm main loop timer: 0.946113s (after computation of next merge)
M&S algorithm main loop timer: 0.947131s (after label reduction)
M&S algorithm main loop timer: 0.947131s (after merging)

Next pair of indices: (117, 57)
M&S algorithm main loop timer: 0.947131s (after computation of next merge)
M&S algorithm main loop timer: 0.947131s (after merging)

Next pair of indices: (118, 58)
M&S algorithm main loop timer: 0.947131s (after computation of next merge)
M&S algorithm main loop timer: 0.947131s (after label reduction)
M&S algorithm main loop timer: 0.947131s (after merging)

Next pair of indices: (119, 59)
M&S algorithm main loop timer: 0.947131s (after computation of next merge)
M&S algorithm main loop timer: 0.947131s (after label reduction)
M&S algorithm main loop timer: 0.947131s (after merging)

Next pair of indices: (120, 60)
M&S algorithm main loop timer: 0.947131s (after computation of next merge)
M&S algorithm main loop timer: 0.947131s (after label reduction)
M&S algorithm main loop timer: 0.947131s (after merging)

Next pair of indices: (121, 61)
M&S algorithm main loop timer: 0.947131s (after computation of next merge)
M&S algorithm main loop timer: 0.947131s (after label reduction)
M&S algorithm main loop timer: 0.947131s (after shrinking)
M&S algorithm main loop timer: 0.947131s (after merging)

End of merge-and-shrink algorithm, statistics:
Main loop runtime: 0.947131s
Maximum intermediate abstraction size: 61
Final peak memory increase of merge-and-shrink algorithm: 6500 KB
Merge-and-shrink algorithm runtime: 0.950105s

Number of remaining factors: 1
Number of factors kept: 1
Done initializing merge-and-shrink heuristic.

Building successor generator...done!
peak memory difference for successor generator creation: 0 KB
time for successor generation creation: 0.000950718s
Variables: 62
FactPairs: 183
Bytes per state: 12
Conducting best first search with reopening closed nodes, (real) bound = 2147483647
New best heuristic value for merge_and_shrink(merge_strategy = merge_precomputed(merge_tree = linear(variable_order = reverse_level)), shrink_strategy = shrink_bisimulation(greedy = true), label_reduction = exact(before_shrinking = true, before_merging = false), max_states = infinity, threshold_before_merge = 1): 9
g=0, 1 evaluated, 0 expanded
f = 9, 1 evaluated, 0 expanded
Initial heuristic value for merge_and_shrink(merge_strategy = merge_precomputed(merge_tree = linear(variable_order = reverse_level)), shrink_strategy = shrink_bisimulation(greedy = true), label_reduction = exact(before_shrinking = true, before_merging = false), max_states = infinity, threshold_before_merge = 1): 9
pruning method: none
f = 10, 2 evaluated, 1 expanded
f = 11, 4 evaluated, 2 expanded
f = 12, 6 evaluated, 4 expanded
f = 13, 9 evaluated, 6 expanded
f = 14, 13 evaluated, 9 expanded
f = 15, 17 evaluated, 13 expanded
f = 16, 23 evaluated, 17 expanded
f = 17, 33 evaluated, 23 expanded
f = 18, 61 evaluated, 33 expanded
f = 19, 107 evaluated, 61 expanded
f = 20, 244 evaluated, 107 expanded
f = 21, 644 evaluated, 244 expanded
f = 22, 1475 evaluated, 644 expanded
f = 23, 3654 evaluated, 1475 expanded
f = 24, 8279 evaluated, 3654 expanded
f = 25, 18543 evaluated, 8279 expanded
f = 26, 37054 evaluated, 18543 expanded
f = 27, 71717 evaluated, 37054 expanded
f = 28, 131291 evaluated, 71717 expanded
f = 29, 240226 evaluated, 131291 expanded
New best heuristic value for merge_and_shrink(merge_strategy = merge_precomputed(merge_tree = linear(variable_order = reverse_level)), shrink_strategy = shrink_bisimulation(greedy = true), label_reduction = exact(before_shrinking = true, before_merging = false), max_states = infinity, threshold_before_merge = 1): 8
g=21, 243140 evaluated, 132578 expanded
New best heuristic value for merge_and_shrink(merge_strategy = merge_precomputed(merge_tree = linear(variable_order = reverse_level)), shrink_strategy = shrink_bisimulation(greedy = true), label_reduction = exact(before_shrinking = true, before_merging = false), max_states = infinity, threshold_before_merge = 1): 7
g=22, 243146 evaluated, 132579 expanded
f = 30, 433250 evaluated, 240230 expanded
f = 31, 767377 evaluated, 433254 expanded
f = 32, 1311443 evaluated, 767369 expanded
f = 33, 2178591 evaluated, 1311443 expanded
f = 34, 3460423 evaluated, 2178599 expanded
f = 35, 5342856 evaluated, 3460431 expanded
f = 36, 7937106 evaluated, 5342966 expanded
f = 37, 11452991 evaluated, 7937232 expanded
f = 38, 15937682 evaluated, 11453303 expanded
f = 39, 21778991 evaluated, 15938246 expanded
f = 40, 28851777 evaluated, 21781243 expanded
f = 41, 37780956 evaluated, 28855157 expanded
f = 42, 47798682 evaluated, 37781004 expanded
f = 43, 59903068 evaluated, 47805490 expanded
f = 44, 73042735 evaluated, 59903540 expanded
f = 45, 88584541 evaluated, 73056823 expanded
f = 46, 105784262 evaluated, 88601433 expanded
f = 47, 125670013 evaluated, 105829330 expanded
f = 48, 147285438 evaluated, 125650909 expanded
f = 49, 171420390 evaluated, 147356470 expanded
f = 50, 196751869 evaluated, 171367588 expanded
Peak memory: 8578208 KB
caught signal 24 -- exiting
Time limit has been reached.
exitcode: 23

remaining time: 1001.8700000000001
config 1: relative time 1000, remaining 1000
args: ['/home/slarty/school/umi/ni-umi-2020-saframa6_sokoban/downward/builds/release/bin/downward', '--search', 'astar(merge_and_shrink(merge_strategy=merge_precomputed(merge_tree=linear(variable_order=reverse_level)),shrink_strategy=shrink_bisimulation(greedy=false),label_reduction=exact(before_shrinking=true,before_merging=false),max_states=200000))', '--internal-plan-file', 'sas_plan']
INFO     search stdin: plans/seq-opt-merge-and-shrink.sas
INFO     search time limit: 1001.8700000000001s
INFO     search memory limit: None
INFO     search command line string: /home/slarty/school/umi/ni-umi-2020-saframa6_sokoban/downward/builds/release/bin/downward --search 'astar(merge_and_shrink(merge_strategy=merge_precomputed(merge_tree=linear(variable_order=reverse_level)),shrink_strategy=shrink_bisimulation(greedy=false),label_reduction=exact(before_shrinking=true,before_merging=false),max_states=200000))' --internal-plan-file sas_plan < plans/seq-opt-merge-and-shrink.sas
reading input...
done reading input!
Initializing merge-and-shrink heuristic...
Running merge-and-shrink algorithm...
Merge strategy options:
Type: precomputed
Merge tree options: 
Type: linear
Update option: use random
Variable order type: by reverse level

Options related to size limits and shrinking: 
Transition system size limit: 200000
Transition system size limit right before merge: 200000
Threshold to trigger shrinking right before merge: 200000

Pruning unreachable states: yes
Pruning irrelevant states: yes

Label reduction options:
Before merging: disabled
Before shrinking: enabled
Method: all transition systems with fixpoint computation
System order: random

Main loop max time in seconds: inf


Building atomic transition systems... 
M&S algorithm timer: 0.00299005s (after computation of atomic factors)

Starting main loop without a time limit.
building causal graph...done! [t=0s]
Next pair of indices: (0, 1)
M&S algorithm main loop timer: 0s (after computation of next merge)
M&S algorithm main loop timer: 0.0438946s (after label reduction)
M&S algorithm main loop timer: 0.0438946s (after merging)

Next pair of indices: (62, 2)
M&S algorithm main loop timer: 0.0438946s (after computation of next merge)
M&S algorithm main loop timer: 0.0768508s (after merging)

Next pair of indices: (63, 3)
M&S algorithm main loop timer: 0.0768508s (after computation of next merge)
M&S algorithm main loop timer: 0.132743s (after label reduction)
M&S algorithm main loop timer: 0.132743s (after merging)

Next pair of indices: (64, 4)
M&S algorithm main loop timer: 0.132743s (after computation of next merge)
M&S algorithm main loop timer: 0.163694s (after merging)

Next pair of indices: (65, 5)
M&S algorithm main loop timer: 0.163694s (after computation of next merge)
M&S algorithm main loop timer: 0.202633s (after label reduction)
M&S algorithm main loop timer: 0.202633s (after merging)

Next pair of indices: (66, 6)
M&S algorithm main loop timer: 0.202633s (after computation of next merge)
M&S algorithm main loop timer: 0.231575s (after merging)

Next pair of indices: (67, 7)
M&S algorithm main loop timer: 0.231575s (after computation of next merge)
M&S algorithm main loop timer: 0.272519s (after label reduction)
M&S algorithm main loop timer: 0.272519s (after merging)

Next pair of indices: (68, 8)
M&S algorithm main loop timer: 0.272519s (after computation of next merge)
M&S algorithm main loop timer: 0.311455s (after label reduction)
M&S algorithm main loop timer: 0.311455s (after merging)

Next pair of indices: (69, 9)
M&S algorithm main loop timer: 0.311455s (after computation of next merge)
M&S algorithm main loop timer: 0.340431s (after label reduction)
M&S algorithm main loop timer: 0.341407s (after merging)

Next pair of indices: (70, 10)
M&S algorithm main loop timer: 0.341407s (after computation of next merge)
M&S algorithm main loop timer: 0.367319s (after merging)

Next pair of indices: (71, 11)
M&S algorithm main loop timer: 0.367319s (after computation of next merge)
M&S algorithm main loop timer: 0.394279s (after label reduction)
M&S algorithm main loop timer: 0.397275s (after merging)

Next pair of indices: (72, 12)
M&S algorithm main loop timer: 0.397275s (after computation of next merge)
M&S algorithm main loop timer: 0.437213s (after label reduction)
M&S algorithm main loop timer: 0.443195s (after merging)

Next pair of indices: (73, 13)
M&S algorithm main loop timer: 0.444196s (after computation of next merge)
M&S algorithm main loop timer: 0.478126s (after merging)

Next pair of indices: (74, 14)
M&S algorithm main loop timer: 0.479124s (after computation of next merge)
M&S algorithm main loop timer: 0.517062s (after label reduction)
M&S algorithm main loop timer: 0.552966s (after merging)

Next pair of indices: (75, 15)
M&S algorithm main loop timer: 0.554949s (after computation of next merge)
M&S algorithm main loop timer: 0.583904s (after label reduction)
M&S algorithm main loop timer: 0.685529s (after merging)

Next pair of indices: (76, 16)
M&S algorithm main loop timer: 0.688516s (after computation of next merge)
M&S algorithm main loop timer: 0.718448s (after label reduction)
M&S algorithm main loop timer: 0.938559s (after merging)

Next pair of indices: (77, 17)
M&S algorithm main loop timer: 0.944546s (after computation of next merge)
M&S algorithm main loop timer: 0.989439s (after label reduction)
M&S algorithm main loop timer: 1.49142s (after shrinking)
M&S algorithm main loop timer: 1.62792s (after merging)

Next pair of indices: (78, 18)
M&S algorithm main loop timer: 1.63189s (after computation of next merge)
M&S algorithm main loop timer: 1.6748s (after label reduction)
M&S algorithm main loop timer: 1.96567s (after merging)

Next pair of indices: (79, 19)
M&S algorithm main loop timer: 1.97364s (after computation of next merge)
M&S algorithm main loop timer: 2.0295s (after label reduction)
M&S algorithm main loop timer: 2.3843s (after shrinking)
M&S algorithm main loop timer: 2.38528s (after merging)

Next pair of indices: (80, 20)
M&S algorithm main loop timer: 2.38628s (after computation of next merge)
M&S algorithm main loop timer: 2.40824s (after label reduction)
M&S algorithm main loop timer: 2.40824s (after merging)

Next pair of indices: (81, 21)
M&S algorithm main loop timer: 2.40824s (after computation of next merge)
M&S algorithm main loop timer: 2.42022s (after merging)

Next pair of indices: (82, 22)
M&S algorithm main loop timer: 2.42022s (after computation of next merge)
M&S algorithm main loop timer: 2.4322s (after merging)

Next pair of indices: (83, 23)
M&S algorithm main loop timer: 2.4322s (after computation of next merge)
M&S algorithm main loop timer: 2.44918s (after label reduction)
M&S algorithm main loop timer: 2.45018s (after merging)

Next pair of indices: (84, 24)
M&S algorithm main loop timer: 2.45018s (after computation of next merge)
M&S algorithm main loop timer: 2.46017s (after merging)

Next pair of indices: (85, 25)
M&S algorithm main loop timer: 2.46017s (after computation of next merge)
M&S algorithm main loop timer: 2.47115s (after label reduction)
M&S algorithm main loop timer: 2.47115s (after merging)

Next pair of indices: (86, 26)
M&S algorithm main loop timer: 2.47115s (after computation of next merge)
M&S algorithm main loop timer: 2.48013s (after merging)

Next pair of indices: (87, 27)
M&S algorithm main loop timer: 2.48013s (after computation of next merge)
M&S algorithm main loop timer: 2.49112s (after label reduction)
M&S algorithm main loop timer: 2.49112s (after merging)

Next pair of indices: (88, 28)
M&S algorithm main loop timer: 2.49112s (after computation of next merge)
M&S algorithm main loop timer: 2.50011s (after merging)

Next pair of indices: (89, 29)
M&S algorithm main loop timer: 2.5011s (after computation of next merge)
M&S algorithm main loop timer: 2.51009s (after label reduction)
M&S algorithm main loop timer: 2.51209s (after merging)

Next pair of indices: (90, 30)
M&S algorithm main loop timer: 2.51209s (after computation of next merge)
M&S algorithm main loop timer: 2.52008s (after label reduction)
M&S algorithm main loop timer: 2.52308s (after merging)

Next pair of indices: (91, 31)
M&S algorithm main loop timer: 2.52406s (after computation of next merge)
M&S algorithm main loop timer: 2.53406s (after label reduction)
M&S algorithm main loop timer: 2.54105s (after merging)

Next pair of indices: (92, 32)
M&S algorithm main loop timer: 2.54105s (after computation of next merge)
M&S algorithm main loop timer: 2.55302s (after label reduction)
M&S algorithm main loop timer: 2.56797s (after merging)

Next pair of indices: (93, 33)
M&S algorithm main loop timer: 2.56797s (after computation of next merge)
M&S algorithm main loop timer: 2.58095s (after label reduction)
M&S algorithm main loop timer: 2.62082s (after merging)

Next pair of indices: (94, 34)
M&S algorithm main loop timer: 2.6228s (after computation of next merge)
M&S algorithm main loop timer: 2.63577s (after label reduction)
M&S algorithm main loop timer: 2.76426s (after merging)

Next pair of indices: (95, 35)
M&S algorithm main loop timer: 2.76625s (after computation of next merge)
M&S algorithm main loop timer: 2.7862s (after label reduction)
M&S algorithm main loop timer: 3.05914s (after merging)

Next pair of indices: (96, 36)
M&S algorithm main loop timer: 3.06513s (after computation of next merge)
M&S algorithm main loop timer: 3.11198s (after label reduction)
M&S algorithm main loop timer: 3.80533s (after shrinking)
M&S algorithm main loop timer: 4.18084s (after merging)

Next pair of indices: (97, 37)
M&S algorithm main loop timer: 4.18882s (after computation of next merge)
M&S algorithm main loop timer: 4.23267s (after label reduction)
M&S algorithm main loop timer: 4.67016s (after shrinking)
M&S algorithm main loop timer: 4.67114s (after merging)

Next pair of indices: (98, 38)
M&S algorithm main loop timer: 4.67114s (after computation of next merge)
M&S algorithm main loop timer: 4.67713s (after label reduction)
M&S algorithm main loop timer: 4.67713s (after merging)

Next pair of indices: (99, 39)
M&S algorithm main loop timer: 4.67713s (after computation of next merge)
M&S algorithm main loop timer: 4.68012s (after merging)

Next pair of indices: (100, 40)
M&S algorithm main loop timer: 4.68012s (after computation of next merge)
M&S algorithm main loop timer: 4.68411s (after label reduction)
M&S algorithm main loop timer: 4.68411s (after merging)

Next pair of indices: (101, 41)
M&S algorithm main loop timer: 4.68411s (after computation of next merge)
M&S algorithm main loop timer: 4.6871s (after label reduction)
M&S algorithm main loop timer: 4.6871s (after merging)

Next pair of indices: (102, 42)
M&S algorithm main loop timer: 4.6871s (after computation of next merge)
M&S algorithm main loop timer: 4.6901s (after label reduction)
M&S algorithm main loop timer: 4.6901s (after merging)

Next pair of indices: (103, 43)
M&S algorithm main loop timer: 4.6901s (after computation of next merge)
M&S algorithm main loop timer: 4.69209s (after merging)

Next pair of indices: (104, 44)
M&S algorithm main loop timer: 4.69209s (after computation of next merge)
M&S algorithm main loop timer: 4.69409s (after merging)

Next pair of indices: (105, 45)
M&S algorithm main loop timer: 4.69409s (after computation of next merge)
M&S algorithm main loop timer: 4.6961s (after label reduction)
M&S algorithm main loop timer: 4.69708s (after merging)

Next pair of indices: (106, 46)
M&S algorithm main loop timer: 4.69708s (after computation of next merge)
M&S algorithm main loop timer: 4.69808s (after label reduction)
M&S algorithm main loop timer: 4.69908s (after merging)

Next pair of indices: (107, 47)
M&S algorithm main loop timer: 4.69908s (after computation of next merge)
M&S algorithm main loop timer: 4.70207s (after merging)

Next pair of indices: (108, 48)
M&S algorithm main loop timer: 4.70207s (after computation of next merge)
M&S algorithm main loop timer: 4.70407s (after label reduction)
M&S algorithm main loop timer: 4.70806s (after merging)

Next pair of indices: (109, 49)
M&S algorithm main loop timer: 4.70806s (after computation of next merge)
M&S algorithm main loop timer: 4.71006s (after label reduction)
M&S algorithm main loop timer: 4.72003s (after merging)

Next pair of indices: (110, 50)
M&S algorithm main loop timer: 4.72003s (after computation of next merge)
M&S algorithm main loop timer: 4.72301s (after label reduction)
M&S algorithm main loop timer: 4.74528s (after merging)

Next pair of indices: (111, 51)
M&S algorithm main loop timer: 4.74628s (after computation of next merge)
M&S algorithm main loop timer: 4.75027s (after label reduction)
M&S algorithm main loop timer: 4.80906s (after merging)

Next pair of indices: (112, 52)
M&S algorithm main loop timer: 4.81005s (after computation of next merge)
M&S algorithm main loop timer: 4.82303s (after label reduction)
M&S algorithm main loop timer: 4.97139s (after merging)

Next pair of indices: (113, 53)
M&S algorithm main loop timer: 4.97438s (after computation of next merge)
M&S algorithm main loop timer: 5.01029s (after label reduction)
M&S algorithm main loop timer: 5.30913s (after merging)

Next pair of indices: (114, 54)
M&S algorithm main loop timer: 5.3151s (after computation of next merge)
M&S algorithm main loop timer: 5.39688s (after label reduction)
M&S algorithm main loop timer: 6.57568s (after shrinking)
M&S algorithm main loop timer: 7.01603s (after merging)

Next pair of indices: (115, 55)
M&S algorithm main loop timer: 7.02401s (after computation of next merge)
M&S algorithm main loop timer: 7.09479s (after label reduction)
M&S algorithm main loop timer: 7.68575s (after shrinking)
M&S algorithm main loop timer: 7.68773s (after merging)

Next pair of indices: (116, 56)
M&S algorithm main loop timer: 7.68773s (after computation of next merge)
M&S algorithm main loop timer: 7.68773s (after label reduction)
M&S algorithm main loop timer: 7.68773s (after merging)
M&S algorithm main loop timer: 7.68773s (after pruning)

Next pair of indices: (117, 57)
M&S algorithm main loop timer: 7.68773s (after computation of next merge)
M&S algorithm main loop timer: 7.68773s (after label reduction)
M&S algorithm main loop timer: 7.68773s (after merging)
M&S algorithm main loop timer: 7.68773s (after pruning)

Next pair of indices: (118, 58)
M&S algorithm main loop timer: 7.68773s (after computation of next merge)
M&S algorithm main loop timer: 7.68773s (after label reduction)
M&S algorithm main loop timer: 7.68773s (after merging)
M&S algorithm main loop timer: 7.68873s (after pruning)

Next pair of indices: (119, 59)
M&S algorithm main loop timer: 7.68873s (after computation of next merge)
M&S algorithm main loop timer: 7.68873s (after label reduction)
M&S algorithm main loop timer: 7.68873s (after merging)
M&S algorithm main loop timer: 7.68873s (after pruning)

Next pair of indices: (120, 60)
M&S algorithm main loop timer: 7.68873s (after computation of next merge)
M&S algorithm main loop timer: 7.68873s (after label reduction)
M&S algorithm main loop timer: 7.68971s (after merging)
M&S algorithm main loop timer: 7.68971s (after pruning)

Next pair of indices: (121, 61)
M&S algorithm main loop timer: 7.68971s (after computation of next merge)
M&S algorithm main loop timer: 7.68971s (after label reduction)
M&S algorithm main loop timer: 7.69071s (after merging)
M&S algorithm main loop timer: 7.69071s (after pruning)

End of merge-and-shrink algorithm, statistics:
Main loop runtime: 7.69071s
Maximum intermediate abstraction size: 177408
Final peak memory increase of merge-and-shrink algorithm: 202716 KB
Merge-and-shrink algorithm runtime: 7.69471s

Number of remaining factors: 1
Number of factors kept: 1
Done initializing merge-and-shrink heuristic.

Building successor generator...done!
peak memory difference for successor generator creation: 0 KB
time for successor generation creation: 0s
Variables: 62
FactPairs: 183
Bytes per state: 12
Conducting best first search with reopening closed nodes, (real) bound = 2147483647
New best heuristic value for merge_and_shrink(merge_strategy = merge_precomputed(merge_tree = linear(variable_order = reverse_level)), shrink_strategy = shrink_bisimulation(greedy = false), label_reduction = exact(before_shrinking = true, before_merging = false), max_states = 200000): 16
g=0, 1 evaluated, 0 expanded
f = 16, 1 evaluated, 0 expanded
Initial heuristic value for merge_and_shrink(merge_strategy = merge_precomputed(merge_tree = linear(variable_order = reverse_level)), shrink_strategy = shrink_bisimulation(greedy = false), label_reduction = exact(before_shrinking = true, before_merging = false), max_states = 200000): 16
pruning method: none
New best heuristic value for merge_and_shrink(merge_strategy = merge_precomputed(merge_tree = linear(variable_order = reverse_level)), shrink_strategy = shrink_bisimulation(greedy = false), label_reduction = exact(before_shrinking = true, before_merging = false), max_states = 200000): 15
g=1, 2 evaluated, 1 expanded
New best heuristic value for merge_and_shrink(merge_strategy = merge_precomputed(merge_tree = linear(variable_order = reverse_level)), shrink_strategy = shrink_bisimulation(greedy = false), label_reduction = exact(before_shrinking = true, before_merging = false), max_states = 200000): 14
g=2, 3 evaluated, 2 expanded
New best heuristic value for merge_and_shrink(merge_strategy = merge_precomputed(merge_tree = linear(variable_order = reverse_level)), shrink_strategy = shrink_bisimulation(greedy = false), label_reduction = exact(before_shrinking = true, before_merging = false), max_states = 200000): 13
g=3, 5 evaluated, 3 expanded
New best heuristic value for merge_and_shrink(merge_strategy = merge_precomputed(merge_tree = linear(variable_order = reverse_level)), shrink_strategy = shrink_bisimulation(greedy = false), label_reduction = exact(before_shrinking = true, before_merging = false), max_states = 200000): 12
g=4, 6 evaluated, 4 expanded
New best heuristic value for merge_and_shrink(merge_strategy = merge_precomputed(merge_tree = linear(variable_order = reverse_level)), shrink_strategy = shrink_bisimulation(greedy = false), label_reduction = exact(before_shrinking = true, before_merging = false), max_states = 200000): 11
g=5, 7 evaluated, 5 expanded
New best heuristic value for merge_and_shrink(merge_strategy = merge_precomputed(merge_tree = linear(variable_order = reverse_level)), shrink_strategy = shrink_bisimulation(greedy = false), label_reduction = exact(before_shrinking = true, before_merging = false), max_states = 200000): 10
g=6, 8 evaluated, 6 expanded
New best heuristic value for merge_and_shrink(merge_strategy = merge_precomputed(merge_tree = linear(variable_order = reverse_level)), shrink_strategy = shrink_bisimulation(greedy = false), label_reduction = exact(before_shrinking = true, before_merging = false), max_states = 200000): 9
g=7, 9 evaluated, 7 expanded
f = 18, 14 evaluated, 10 expanded
f = 20, 20 evaluated, 16 expanded
f = 22, 22 evaluated, 20 expanded
f = 24, 25 evaluated, 22 expanded
f = 26, 28 evaluated, 25 expanded
f = 28, 31 evaluated, 28 expanded
f = 30, 38 evaluated, 31 expanded
New best heuristic value for merge_and_shrink(merge_strategy = merge_precomputed(merge_tree = linear(variable_order = reverse_level)), shrink_strategy = shrink_bisimulation(greedy = false), label_reduction = exact(before_shrinking = true, before_merging = false), max_states = 200000): 8
g=22, 197 evaluated, 118 expanded
New best heuristic value for merge_and_shrink(merge_strategy = merge_precomputed(merge_tree = linear(variable_order = reverse_level)), shrink_strategy = shrink_bisimulation(greedy = false), label_reduction = exact(before_shrinking = true, before_merging = false), max_states = 200000): 7
g=23, 202 evaluated, 119 expanded
f = 31, 739 evaluated, 436 expanded
f = 32, 751 evaluated, 444 expanded
f = 33, 1299 evaluated, 969 expanded
f = 34, 1299 evaluated, 977 expanded
f = 35, 3200 evaluated, 2308 expanded
f = 36, 3224 evaluated, 2324 expanded
f = 37, 27227 evaluated, 16663 expanded
f = 38, 27605 evaluated, 16931 expanded
f = 39, 144815 evaluated, 91647 expanded
f = 40, 146507 evaluated, 93027 expanded
f = 41, 831381 evaluated, 526047 expanded
f = 42, 841521 evaluated, 533935 expanded
f = 43, 2506960 evaluated, 1706749 expanded
f = 44, 2527384 evaluated, 1727125 expanded
f = 45, 6190504 evaluated, 4400883 expanded
f = 46, 6232768 evaluated, 4442675 expanded
f = 47, 16914461 evaluated, 11838648 expanded
f = 48, 17049665 evaluated, 11956960 expanded
f = 49, 37018310 evaluated, 26941942 expanded
f = 50, 37231406 evaluated, 27174142 expanded
f = 51, 65796274 evaluated, 50603966 expanded
f = 52, 66064060 evaluated, 50924554 expanded
f = 53, 102407179 evaluated, 82251908 expanded
f = 54, 102722665 evaluated, 82640756 expanded
New best heuristic value for merge_and_shrink(merge_strategy = merge_precomputed(merge_tree = linear(variable_order = reverse_level)), shrink_strategy = shrink_bisimulation(greedy = false), label_reduction = exact(before_shrinking = true, before_merging = false), max_states = 200000): 6
g=48, 123708466 evaluated, 105220321 expanded
New best heuristic value for merge_and_shrink(merge_strategy = merge_precomputed(merge_tree = linear(variable_order = reverse_level)), shrink_strategy = shrink_bisimulation(greedy = false), label_reduction = exact(before_shrinking = true, before_merging = false), max_states = 200000): 5
g=49, 123708470 evaluated, 105220322 expanded
f = 55, 147793985 evaluated, 121903235 expanded
f = 56, 148205207 evaluated, 122387690 expanded
f = 57, 200920198 evaluated, 169269369 expanded
f = 58, 201405335 evaluated, 169866935 expanded
Peak memory: 12965576 KB
caught signal 24 -- exiting
Time limit has been reached.
exitcode: 23

search exit code: 23

Driver aborting after search
