INFO     Running translator.
INFO     translator stdin: None
INFO     translator time limit: None
INFO     translator memory limit: None
INFO     translator command line string: /usr/bin/python /home/slarty/school/umi/ni-umi-2020-saframa6_sokoban/downward/builds/release/bin/translate/translate.py domain.pddl task.pddl --sas-file plans/seq-sat-lama-2011.sas
Parsing...
Parsing: [0.000s CPU, 0.002s wall-clock]
Normalizing task... [0.000s CPU, 0.000s wall-clock]
Instantiating...
Generating Datalog program... [0.000s CPU, 0.001s wall-clock]
Normalizing Datalog program...
Normalizing Datalog program: [0.000s CPU, 0.001s wall-clock]
Preparing model... [0.010s CPU, 0.003s wall-clock]
Generated 13 rules.
Computing model... [0.020s CPU, 0.015s wall-clock]
1604 relevant atoms
1387 auxiliary atoms
2991 final queue length
3870 total queue pushes
Completing instantiation... [0.010s CPU, 0.013s wall-clock]
Instantiating: [0.040s CPU, 0.034s wall-clock]
Computing fact groups...
Finding invariants...
4 initial candidates
Finding invariants: [0.000s CPU, 0.001s wall-clock]
Checking invariant weight... [0.000s CPU, 0.000s wall-clock]
Instantiating groups... [0.000s CPU, 0.000s wall-clock]
Collecting mutex groups... [0.000s CPU, 0.000s wall-clock]
Choosing groups...
61 uncovered facts
Choosing groups: [0.000s CPU, 0.000s wall-clock]
Building translation key... [0.000s CPU, 0.000s wall-clock]
Computing fact groups: [0.000s CPU, 0.002s wall-clock]
Building STRIPS to SAS dictionary... [0.000s CPU, 0.000s wall-clock]
Building dictionary for full mutex groups... [0.000s CPU, 0.000s wall-clock]
Building mutex information...
Building mutex information: [0.000s CPU, 0.000s wall-clock]
Translating task...
Processing axioms...
Simplifying axioms... [0.000s CPU, 0.000s wall-clock]
Processing axioms: [0.000s CPU, 0.001s wall-clock]
Translating task: [0.020s CPU, 0.017s wall-clock]
420 effect conditions simplified
0 implied preconditions added
Detecting unreachable propositions...
0 operators removed
0 axioms removed
1 propositions removed
Detecting unreachable propositions: [0.010s CPU, 0.007s wall-clock]
Reordering and filtering variables...
62 of 62 variables necessary.
0 of 1 mutex groups necessary.
574 of 574 operators necessary.
0 of 0 axiom rules necessary.
Reordering and filtering variables: [0.000s CPU, 0.003s wall-clock]
Translator variables: 62
Translator derived variables: 0
Translator facts: 183
Translator goal facts: 6
Translator mutex groups: 0
Translator total mutex groups size: 0
Translator operators: 574
Translator axioms: 0
Translator task size: 3807
Translator peak memory: 245900 KB
Writing output... [0.000s CPU, 0.002s wall-clock]
Done! [0.070s CPU, 0.068s wall-clock]
translate exit code: 0

INFO     Running search (release).
INFO     search stdin: plans/seq-sat-lama-2011.sas
INFO     search time limit: 1800s
INFO     search memory limit: None
INFO     search command line string: /home/slarty/school/umi/ni-umi-2020-saframa6_sokoban/downward/builds/release/bin/downward --if-unit-cost --evaluator 'hlm=lmcount(lm_rhw(reasonable_orders=true),pref=true)' --evaluator 'hff=ff()' --search 'iterated([lazy_greedy([hff,hlm],preferred=[hff,hlm]),lazy_wastar([hff,hlm],preferred=[hff,hlm],w=5),lazy_wastar([hff,hlm],preferred=[hff,hlm],w=3),lazy_wastar([hff,hlm],preferred=[hff,hlm],w=2),lazy_wastar([hff,hlm],preferred=[hff,hlm],w=1)],repeat_last=true,continue_on_fail=true)' --if-non-unit-cost --evaluator 'hlm1=lmcount(lm_rhw(reasonable_orders=true),transform=adapt_costs(one),pref=true)' --evaluator 'hff1=ff(transform=adapt_costs(one))' --evaluator 'hlm2=lmcount(lm_rhw(reasonable_orders=true),transform=adapt_costs(plusone),pref=true)' --evaluator 'hff2=ff(transform=adapt_costs(plusone))' --search 'iterated([lazy_greedy([hff1,hlm1],preferred=[hff1,hlm1],cost_type=one,reopen_closed=false),lazy_greedy([hff2,hlm2],preferred=[hff2,hlm2],reopen_closed=false),lazy_wastar([hff2,hlm2],preferred=[hff2,hlm2],w=5),lazy_wastar([hff2,hlm2],preferred=[hff2,hlm2],w=3),lazy_wastar([hff2,hlm2],preferred=[hff2,hlm2],w=2),lazy_wastar([hff2,hlm2],preferred=[hff2,hlm2],w=1)],repeat_last=true,continue_on_fail=true)' --always --internal-plan-file sas_plan < plans/seq-sat-lama-2011.sas
reading input...
done reading input!
Initializing landmarks count heuristic...
Initializing Exploration...
Generating landmarks using the RPG/SAS+ approach
approx. reasonable orders
approx. obedient reasonable orders
Removed 0 reasonable or obedient reasonable orders
Landmarks generation time: 0.000991152s
Discovered 14 landmarks, of which 2 are disjunctive and 0 are conjunctive.
8 edges
Simplifying 1414 unary operators... done! [1414 unary operators]
time to simplify: 0.0010016s
Initializing additive heuristic...
Initializing FF heuristic...
Building successor generator...done!
peak memory difference for successor generator creation: 0 KB
time for successor generation creation: 0s
Variables: 62
FactPairs: 183
Bytes per state: 12
Building successor generator...done!
peak memory difference for successor generator creation: 0 KB
time for successor generation creation: 0s
Variables: 62
FactPairs: 183
Bytes per state: 12
Starting search: lazy_greedy(list(hff, hlm), preferred = list(hff, hlm))
Conducting lazy best first search, (real) bound = 2147483647
6 initial landmarks, 6 goal landmarks
New best heuristic value for lmcount(lm_rhw(reasonable_orders = true), pref = true): 8
New best heuristic value for ff: 33
g=0, 1 evaluated, 0 expanded
Initial heuristic value for lmcount(lm_rhw(reasonable_orders = true), pref = true): 8
Initial heuristic value for ff: 33
New best heuristic value for ff: 32
g=1, 2 evaluated, 1 expanded
New best heuristic value for lmcount(lm_rhw(reasonable_orders = true), pref = true): 7
g=7, 16 evaluated, 15 expanded
New best heuristic value for ff: 30
g=9, 17 evaluated, 16 expanded
New best heuristic value for ff: 27
g=10, 20 evaluated, 19 expanded
New best heuristic value for ff: 25
g=11, 22 evaluated, 21 expanded
New best heuristic value for ff: 24
g=12, 23 evaluated, 22 expanded
New best heuristic value for ff: 22
g=13, 24 evaluated, 23 expanded
New best heuristic value for ff: 20
g=14, 26 evaluated, 25 expanded
New best heuristic value for ff: 18
g=15, 27 evaluated, 26 expanded
New best heuristic value for ff: 16
g=16, 28 evaluated, 27 expanded
New best heuristic value for ff: 13
g=17, 29 evaluated, 28 expanded
New best heuristic value for ff: 11
g=18, 31 evaluated, 30 expanded
New best heuristic value for ff: 10
g=19, 32 evaluated, 31 expanded
New best heuristic value for ff: 9
g=23, 37 evaluated, 36 expanded
New best heuristic value for lmcount(lm_rhw(reasonable_orders = true), pref = true): 6
New best heuristic value for ff: 7
g=24, 39 evaluated, 38 expanded
New best heuristic value for lmcount(lm_rhw(reasonable_orders = true), pref = true): 5
New best heuristic value for ff: 6
g=25, 41 evaluated, 40 expanded
New best heuristic value for lmcount(lm_rhw(reasonable_orders = true), pref = true): 4
g=58, 113056 evaluated, 113055 expanded
New best heuristic value for ff: 5
g=59, 113058 evaluated, 113057 expanded
New best heuristic value for ff: 4
g=69, 113297 evaluated, 113296 expanded
New best heuristic value for lmcount(lm_rhw(reasonable_orders = true), pref = true): 3
g=100, 2130894 evaluated, 2130893 expanded
New best heuristic value for ff: 3
g=102, 2130899 evaluated, 2130898 expanded
New best heuristic value for lmcount(lm_rhw(reasonable_orders = true), pref = true): 2
g=146, 4604721 evaluated, 4604720 expanded
New best heuristic value for ff: 2
g=150, 4604892 evaluated, 4604891 expanded
New best heuristic value for lmcount(lm_rhw(reasonable_orders = true), pref = true): 1
g=181, 4952840 evaluated, 4952839 expanded
New best heuristic value for ff: 1
g=182, 4952841 evaluated, 4952840 expanded
Solution found!
Actual search time: 86.4962s
walk p8-12 p7-12 (1)
walk p7-12 p7-11 (1)
walk p7-11 p7-10 (1)
walk p7-10 p7-9 (1)
walk p7-9 p6-9 (1)
walk p6-9 p5-9 (1)
walk p5-9 p4-9 (1)
push p4-9 p4-8 p4-9 (1)
push p4-8 p4-9 p5-9 (1)
push p4-9 p5-9 p6-9 (1)
push p5-9 p6-9 p7-9 (1)
push p6-9 p7-9 p7-10 (1)
push p7-9 p7-10 p7-11 (1)
push p7-10 p7-11 p7-12 (1)
push p7-11 p7-12 p7-13 (1)
push p7-12 p7-13 p7-14 (1)
push p7-13 p7-14 p7-15 (1)
push p7-14 p7-15 p7-16 (1)
push p7-15 p7-16 p7-17 (1)
push p7-16 p7-17 p7-18 (1)
walk p7-17 p8-17 (1)
walk p8-17 p8-18 (1)
push p8-18 p7-18 p6-18 (1)
push p7-18 p6-18 p6-19 (1)
push p6-18 p6-19 p6-20 (1)
push p6-19 p6-20 p7-20 (1)
push p6-20 p7-20 p8-20 (1)
push p7-20 p8-20 p8-19 (1)
push p8-20 p8-19 p7-19 (1)
walk p8-19 p8-18 (1)
walk p8-18 p7-18 (1)
walk p7-18 p7-17 (1)
walk p7-17 p7-16 (1)
walk p7-16 p7-15 (1)
walk p7-15 p7-14 (1)
walk p7-14 p7-13 (1)
walk p7-13 p7-12 (1)
walk p7-12 p7-11 (1)
walk p7-11 p7-10 (1)
walk p7-10 p7-9 (1)
walk p7-9 p7-8 (1)
walk p7-8 p7-7 (1)
walk p7-7 p7-6 (1)
push p7-6 p7-5 p7-6 (1)
push p7-5 p7-6 p7-7 (1)
push p7-6 p7-7 p7-8 (1)
push p7-7 p7-8 p7-9 (1)
push p7-8 p7-9 p7-10 (1)
push p7-9 p7-10 p7-11 (1)
push p7-10 p7-11 p7-12 (1)
push p7-11 p7-12 p7-13 (1)
push p7-12 p7-13 p7-14 (1)
push p7-13 p7-14 p7-15 (1)
push p7-14 p7-15 p7-16 (1)
push p7-15 p7-16 p7-17 (1)
push p7-16 p7-17 p7-18 (1)
push p7-17 p7-18 p8-18 (1)
push p7-18 p7-19 p6-19 (1)
push p7-19 p6-19 p7-19 (1)
push p6-19 p7-19 p8-19 (1)
push p7-19 p8-19 p8-20 (1)
push p8-19 p8-18 p7-18 (1)
walk p8-18 p8-19 (1)
push p8-19 p8-20 p7-20 (1)
push p8-20 p7-20 p6-20 (1)
push p7-20 p6-20 p6-19 (1)
push p6-20 p6-19 p7-19 (1)
push p6-19 p7-19 p7-20 (1)
push p7-19 p7-18 p7-19 (1)
walk p7-18 p7-17 (1)
walk p7-17 p7-16 (1)
walk p7-16 p7-15 (1)
walk p7-15 p7-14 (1)
walk p7-14 p7-13 (1)
walk p7-13 p7-12 (1)
walk p7-12 p7-11 (1)
walk p7-11 p7-10 (1)
walk p7-10 p7-9 (1)
walk p7-9 p6-9 (1)
walk p6-9 p5-9 (1)
walk p5-9 p4-9 (1)
walk p4-9 p4-8 (1)
walk p4-8 p4-7 (1)
push p4-7 p3-7 p4-7 (1)
push p3-7 p4-7 p4-8 (1)
push p4-7 p4-8 p4-9 (1)
push p4-8 p4-9 p5-9 (1)
push p4-9 p5-9 p6-9 (1)
push p5-9 p6-9 p7-9 (1)
push p6-9 p7-9 p7-10 (1)
push p7-9 p7-10 p7-11 (1)
push p7-10 p7-11 p7-12 (1)
push p7-11 p7-12 p7-13 (1)
push p7-12 p7-13 p7-14 (1)
push p7-13 p7-14 p7-15 (1)
push p7-14 p7-15 p7-16 (1)
push p7-15 p7-16 p7-17 (1)
push p7-16 p7-17 p7-18 (1)
push p7-17 p7-18 p6-18 (1)
push p7-18 p7-19 p6-19 (1)
push p7-19 p7-20 p7-19 (1)
push p7-20 p7-19 p8-19 (1)
push p7-19 p8-19 p7-19 (1)
walk p8-19 p8-18 (1)
walk p8-18 p7-18 (1)
push p7-18 p6-18 p7-18 (1)
push p6-18 p6-19 p6-20 (1)
push p6-19 p6-20 p7-20 (1)
walk p6-20 p6-19 (1)
push p6-19 p7-19 p6-19 (1)
push p7-19 p6-19 p6-20 (1)
walk p6-19 p6-18 (1)
push p6-18 p7-18 p7-19 (1)
walk p7-18 p7-17 (1)
walk p7-17 p7-16 (1)
walk p7-16 p7-15 (1)
walk p7-15 p7-14 (1)
walk p7-14 p7-13 (1)
walk p7-13 p7-12 (1)
walk p7-12 p7-11 (1)
walk p7-11 p7-10 (1)
walk p7-10 p7-9 (1)
walk p7-9 p7-8 (1)
walk p7-8 p7-7 (1)
walk p7-7 p7-6 (1)
walk p7-6 p7-5 (1)
walk p7-5 p6-5 (1)
walk p6-5 p5-5 (1)
push p5-5 p4-5 p5-5 (1)
push p4-5 p5-5 p6-5 (1)
push p5-5 p6-5 p7-5 (1)
push p6-5 p7-5 p7-6 (1)
push p7-5 p7-6 p7-7 (1)
push p7-6 p7-7 p7-8 (1)
push p7-7 p7-8 p7-9 (1)
push p7-8 p7-9 p7-10 (1)
push p7-9 p7-10 p7-11 (1)
push p7-10 p7-11 p7-12 (1)
push p7-11 p7-12 p7-13 (1)
push p7-12 p7-13 p7-14 (1)
push p7-13 p7-14 p7-15 (1)
push p7-14 p7-15 p7-16 (1)
push p7-15 p7-16 p7-17 (1)
push p7-16 p7-17 p7-18 (1)
push p7-17 p7-18 p6-18 (1)
push p7-18 p7-19 p8-19 (1)
walk p7-19 p7-18 (1)
push p7-18 p6-18 p6-19 (1)
walk p6-18 p7-18 (1)
walk p7-18 p7-17 (1)
walk p7-17 p7-16 (1)
walk p7-16 p7-15 (1)
walk p7-15 p7-14 (1)
walk p7-14 p7-13 (1)
walk p7-13 p7-12 (1)
walk p7-12 p7-11 (1)
walk p7-11 p7-10 (1)
walk p7-10 p7-9 (1)
walk p7-9 p7-8 (1)
walk p7-8 p7-7 (1)
walk p7-7 p7-6 (1)
walk p7-6 p7-5 (1)
walk p7-5 p7-4 (1)
walk p7-4 p7-3 (1)
push p7-3 p7-2 p7-3 (1)
push p7-2 p7-3 p7-4 (1)
push p7-3 p7-4 p7-5 (1)
push p7-4 p7-5 p7-6 (1)
push p7-5 p7-6 p7-7 (1)
push p7-6 p7-7 p7-8 (1)
push p7-7 p7-8 p7-9 (1)
push p7-8 p7-9 p7-10 (1)
push p7-9 p7-10 p7-11 (1)
push p7-10 p7-11 p7-12 (1)
push p7-11 p7-12 p7-13 (1)
push p7-12 p7-13 p7-14 (1)
push p7-13 p7-14 p7-15 (1)
push p7-14 p7-15 p7-16 (1)
push p7-15 p7-16 p7-17 (1)
push p7-16 p7-17 p7-18 (1)
push p7-17 p7-18 p7-19 (1)
walk p7-18 p7-17 (1)
walk p7-17 p7-16 (1)
walk p7-16 p7-15 (1)
walk p7-15 p7-14 (1)
walk p7-14 p7-13 (1)
walk p7-13 p7-12 (1)
walk p7-12 p7-11 (1)
walk p7-11 p7-10 (1)
walk p7-10 p7-9 (1)
walk p7-9 p7-8 (1)
walk p7-8 p7-7 (1)
walk p7-7 p7-6 (1)
walk p7-6 p7-5 (1)
walk p7-5 p6-5 (1)
walk p6-5 p5-5 (1)
walk p5-5 p4-5 (1)
walk p4-5 p3-5 (1)
push p3-5 p2-5 p3-5 (1)
push p2-5 p3-5 p3-6 (1)
push p3-5 p3-6 p3-7 (1)
push p3-6 p3-7 p4-7 (1)
push p3-7 p4-7 p4-8 (1)
push p4-7 p4-8 p4-9 (1)
push p4-8 p4-9 p5-9 (1)
push p4-9 p5-9 p6-9 (1)
push p5-9 p6-9 p7-9 (1)
push p6-9 p7-9 p7-10 (1)
push p7-9 p7-10 p7-11 (1)
push p7-10 p7-11 p7-12 (1)
push p7-11 p7-12 p7-13 (1)
push p7-12 p7-13 p7-14 (1)
push p7-13 p7-14 p7-15 (1)
push p7-14 p7-15 p7-16 (1)
push p7-15 p7-16 p7-17 (1)
push p7-16 p7-17 p7-18 (1)
walk p7-17 p8-17 (1)
walk p8-17 p8-18 (1)
push p8-18 p8-19 p8-20 (1)
push p8-19 p7-19 p8-19 (1)
push p7-19 p7-18 p7-19 (1)
Plan length: 221 step(s).
Plan cost: 221
Expanded 4977673 state(s).
Reopened 0 state(s).
Evaluated 4977674 state(s).
Evaluations: 9955348
Generated 18362009 state(s).
Dead ends: 0 state(s).
Number of registered states: 4977674
Int hash set load factor: 4977674/8388608 = 0.593385
Int hash set resizes: 23
Best solution cost so far: 221
Solution found - keep searching
Building successor generator...done!
peak memory difference for successor generator creation: 0 KB
time for successor generation creation: 0s
Variables: 62
FactPairs: 183
Bytes per state: 12
Starting search: lazy_wastar(list(hff, hlm), preferred = list(hff, hlm), w = 5)
Conducting lazy best first search, (real) bound = 221
6 initial landmarks, 6 goal landmarks
New best heuristic value for lmcount(lm_rhw(reasonable_orders = true), pref = true): 8
New best heuristic value for ff: 33
g=0, 1 evaluated, 0 expanded
Initial heuristic value for lmcount(lm_rhw(reasonable_orders = true), pref = true): 8
Initial heuristic value for ff: 33
New best heuristic value for ff: 32
g=1, 2 evaluated, 1 expanded
New best heuristic value for lmcount(lm_rhw(reasonable_orders = true), pref = true): 7
g=7, 15 evaluated, 14 expanded
New best heuristic value for ff: 30
g=9, 18 evaluated, 17 expanded
New best heuristic value for ff: 27
g=10, 21 evaluated, 20 expanded
New best heuristic value for ff: 25
g=11, 22 evaluated, 21 expanded
New best heuristic value for ff: 24
g=12, 23 evaluated, 22 expanded
New best heuristic value for ff: 22
g=13, 25 evaluated, 24 expanded
New best heuristic value for ff: 20
g=14, 26 evaluated, 25 expanded
New best heuristic value for ff: 18
g=15, 27 evaluated, 26 expanded
New best heuristic value for ff: 16
g=16, 28 evaluated, 27 expanded
New best heuristic value for ff: 13
g=17, 30 evaluated, 29 expanded
New best heuristic value for ff: 11
g=18, 31 evaluated, 30 expanded
New best heuristic value for ff: 10
g=19, 32 evaluated, 31 expanded
New best heuristic value for ff: 9
g=23, 37 evaluated, 36 expanded
New best heuristic value for lmcount(lm_rhw(reasonable_orders = true), pref = true): 6
New best heuristic value for ff: 7
g=24, 39 evaluated, 38 expanded
New best heuristic value for lmcount(lm_rhw(reasonable_orders = true), pref = true): 5
New best heuristic value for ff: 6
g=25, 41 evaluated, 40 expanded
Peak memory: 7467540 KB
caught signal 24 -- exiting
Time limit has been reached.
search exit code: 23

Driver aborting after search
